::1 - - [25/Nov/2025 17:22:24] "GET / HTTP/1.1" 200 -
::1 - - [25/Nov/2025 17:22:24] "GET /_next/static/media/01e4147cff8141ee-s.p.7787e134.woff2 HTTP/1.1" 200 -
::1 - - [25/Nov/2025 17:22:24] "GET /_next/static/media/8c2eb9ceedecfc8e-s.p.21935807.woff2 HTTP/1.1" 200 -
::1 - - [25/Nov/2025 17:22:24] "GET /_next/static/media/cc014fcb166cf364-s.p.e32417d2.woff2 HTTP/1.1" 200 -
::1 - - [25/Nov/2025 17:22:24] "GET /_next/static/chunks/df67163e9fbb7708.css HTTP/1.1" 200 -
::1 - - [25/Nov/2025 17:22:24] "GET /_next/static/media/e8f2fbee2754df70-s.p.9b7a96b4.woff2 HTTP/1.1" 200 -
::1 - - [25/Nov/2025 17:22:24] "GET /_next/static/chunks/c18e07e75ef2d9af.js HTTP/1.1" 200 -
::1 - - [25/Nov/2025 17:22:24] "GET /_next/static/chunks/0ee90765c92748ff.js HTTP/1.1" 200 -
::1 - - [25/Nov/2025 17:22:24] "GET /_next/static/chunks/b5841b67514eee15.js HTTP/1.1" 200 -
::1 - - [25/Nov/2025 17:22:24] "GET /_next/static/chunks/8e7f604f50a56e76.js HTTP/1.1" 200 -
::1 - - [25/Nov/2025 17:22:24] "GET /_next/static/chunks/turbopack-7ac4de9f87d2b827.js HTTP/1.1" 200 -
::1 - - [25/Nov/2025 17:22:24] "GET /_next/static/chunks/7b5f29c2fc391984.js HTTP/1.1" 200 -
::1 - - [25/Nov/2025 17:22:24] "GET /_next/static/chunks/e79852a2e9cffe87.js HTTP/1.1" 200 -
::1 - - [25/Nov/2025 17:22:24] "GET /_next/static/chunks/f1ccc3897c662fee.js HTTP/1.1" 200 -
::1 - - [25/Nov/2025 17:22:24] code 404, message File not found
::1 - - [25/Nov/2025 17:22:24] "GET /app HTTP/1.1" 404 -
::1 - - [25/Nov/2025 17:22:24] "GET /__next._tree.txt?_rsc=1r34m HTTP/1.1" 200 -
::1 - - [25/Nov/2025 17:22:24] "GET /__next._head.txt?_rsc=1pn8p HTTP/1.1" 200 -
::1 - - [25/Nov/2025 17:22:24] "GET /__next._index.txt?_rsc=nn07o HTTP/1.1" 200 -
::1 - - [25/Nov/2025 17:22:24] "GET /__next.__PAGE__.txt?_rsc=ivliq HTTP/1.1" 200 -
::1 - - [25/Nov/2025 17:22:24] "GET /favicon.ico?favicon.0b3bf435.ico HTTP/1.1" 200 -
::1 - - [25/Nov/2025 17:31:33] "GET / HTTP/1.1" 200 -
::1 - - [25/Nov/2025 17:31:35] "GET / HTTP/1.1" 304 -
::1 - - [25/Nov/2025 17:31:35] "GET /_next/static/media/01e4147cff8141ee-s.p.7787e134.woff2 HTTP/1.1" 200 -
::1 - - [25/Nov/2025 17:31:35] "GET /_next/static/media/8c2eb9ceedecfc8e-s.p.21935807.woff2 HTTP/1.1" 200 -
::1 - - [25/Nov/2025 17:31:35] "GET /_next/static/chunks/e533e753c64d1a54.css HTTP/1.1" 200 -
::1 - - [25/Nov/2025 17:31:35] "GET /_next/static/media/e8f2fbee2754df70-s.p.9b7a96b4.woff2 HTTP/1.1" 200 -
::1 - - [25/Nov/2025 17:31:35] "GET /_next/static/media/cc014fcb166cf364-s.p.e32417d2.woff2 HTTP/1.1" 200 -
::1 - - [25/Nov/2025 17:31:35] "GET /_next/static/chunks/c18e07e75ef2d9af.js HTTP/1.1" 200 -
::1 - - [25/Nov/2025 17:31:35] "GET /_next/static/chunks/8e7f604f50a56e76.js HTTP/1.1" 200 -
::1 - - [25/Nov/2025 17:31:35] "GET /_next/static/chunks/7b5f29c2fc391984.js HTTP/1.1" 200 -
::1 - - [25/Nov/2025 17:31:35] "GET /_next/static/chunks/b5841b67514eee15.js HTTP/1.1" 200 -
::1 - - [25/Nov/2025 17:31:35] "GET /_next/static/chunks/turbopack-7ac4de9f87d2b827.js HTTP/1.1" 200 -
::1 - - [25/Nov/2025 17:31:35] "GET /_next/static/chunks/0ee90765c92748ff.js HTTP/1.1" 200 -
::1 - - [25/Nov/2025 17:31:35] "GET /_next/static/chunks/e79852a2e9cffe87.js HTTP/1.1" 200 -
::1 - - [25/Nov/2025 17:31:35] "GET /_next/static/chunks/f1ccc3897c662fee.js HTTP/1.1" 200 -
::1 - - [25/Nov/2025 17:31:35] code 404, message File not found
::1 - - [25/Nov/2025 17:31:35] "GET /app HTTP/1.1" 404 -
::1 - - [25/Nov/2025 17:31:35] "GET /__next._tree.txt?_rsc=1r34m HTTP/1.1" 200 -
::1 - - [25/Nov/2025 17:31:35] "GET /__next._head.txt?_rsc=1pn8p HTTP/1.1" 200 -
::1 - - [25/Nov/2025 17:31:35] "GET /__next.__PAGE__.txt?_rsc=ivliq HTTP/1.1" 200 -
::1 - - [25/Nov/2025 17:31:35] "GET /__next._index.txt?_rsc=nn07o HTTP/1.1" 200 -
::1 - - [25/Nov/2025 17:31:35] "GET /favicon.ico?favicon.0b3bf435.ico HTTP/1.1" 200 -
::1 - - [25/Nov/2025 17:31:56] code 404, message File not found
::1 - - [25/Nov/2025 17:31:56] "GET /app HTTP/1.1" 404 -
::1 - - [25/Nov/2025 18:38:51] "GET / HTTP/1.1" 200 -
::1 - - [25/Nov/2025 18:38:51] "GET /__next._tree.txt?_rsc=1r34m HTTP/1.1" 200 -
::1 - - [25/Nov/2025 18:38:51] "GET /__next._head.txt?_rsc=1pn8p HTTP/1.1" 200 -
::1 - - [25/Nov/2025 18:38:51] "GET /__next._index.txt?_rsc=nn07o HTTP/1.1" 200 -
::1 - - [25/Nov/2025 18:38:51] "GET /__next.__PAGE__.txt?_rsc=ivliq HTTP/1.1" 200 -
